<?xml version="1.0" encoding="UTF-8"?>
<!-- Generated by org.testng.reporters.JUnitReportReporter -->
<testsuite hostname="DESKTOP-OMI40QV" failures="0" tests="1" name="script.TakeTest" time="15.451" errors="0" timestamp="2024-01-04T13:38:28 IST" skipped="0">
  <testcase classname="script.TakeTest" name="clickOnShell" time="15.451"/>
  <system-out>
    <![CDATA[Browser is:chrome
Set ITO:10
Enter the URL:https://d2c0p5f3p3k3ka.cloudfront.net/
Maximize the browser
Set ETO:60
Close the browser]]>
  </system-out>
</testsuite> <!-- script.TakeTest -->
