<?xml version="1.0" encoding="UTF-8"?>
<!-- Generated by org.testng.reporters.JUnitReportReporter -->
<testsuite hostname="DESKTOP-OMI40QV" failures="0" tests="3" name="script.Sample" time="19.223" errors="0" timestamp="2024-01-05T04:40:55 IST" skipped="0">
  <testcase classname="script.Sample" name="tryMultiLogin" time="6.024"/>
  <testcase classname="script.Sample" name="tryMultiLogin" time="5.957"/>
  <testcase classname="script.Sample" name="tryMultiLogin" time="7.242"/>
  <system-out>
    <![CDATA[Browser is:chrome
Set ITO:100
Enter the URL:https://d2c0p5f3p3k3ka.cloudfront.net/
Maximize the browser
Set ETO:60
Close the browser
Browser is:chrome
Set ITO:100
Enter the URL:https://d2c0p5f3p3k3ka.cloudfront.net/
Maximize the browser
Set ETO:60
Close the browser
Browser is:chrome
Set ITO:100
Enter the URL:https://d2c0p5f3p3k3ka.cloudfront.net/
Maximize the browser
Set ETO:60
Close the browser]]>
  </system-out>
</testsuite> <!-- script.Sample -->
