<?xml version="1.0" encoding="UTF-8"?>
<!-- Generated by org.testng.reporters.JUnitReportReporter -->
<testsuite hostname="DESKTOP-OMI40QV" failures="0" tests="3" name="script.TakeAllShellsTest" time="994.731" errors="2" timestamp="2024-01-05T16:44:45 IST" skipped="0">
  <testcase classname="script.TakeAllShellsTest" name="takeTest" time="841.628">
    <system-out>
      <![CDATA[Select the Antonym for 
Pick the word and its Synonym:
Pick the word and its Synonym:
Pick the word and its Synonym:
Pick the word and its 2 Synonyms from the given options:
Pick the word and its 2 Synonyms from the given options:
Pick the word and its Antonym:
Pick the word and its Antonym:
Samuel grasps any topic quickly. We need not to explain anything to him twice. 
Select the Antonym for Messy:
Synonym for dizzy is faint. Is it correct or incorrect?
Synonym for aggressive is violent. Is it correct or incorrect? 
Synonym for dodge is jump. Is it correct or incorrect? 
Pick the word and  its Antonym:
Select the Synonym for Allow:
Pick the word and its Antonym:
Pick the word and  its Antonym:
Gina succeeded against strong competition.
Select the Antonym for Funny:
Gulliver saw many Dwarf people at the seashore who were trying to tie him to the trunk of a tree.
Select the antonym for Hide:
Select the antonym for Cheerful:
Select the Antonym for Risky:
Pick the word and its Synonym:
Pick the word and its Synonym:
Pick the word and its Synonym:
Pick the word and its Synonym:
Pick the word and its 2 Synonyms from the given options:
Pick the word and its 2 Synonyms from the given options:
Pick the word and its 2 Synonyms from the given options:
Select the Antonym for 
Select the Antonym for Messy:
Frank made a prank call to Jisoo and talked to her. 
Samuel grasps any topic quickly. We need not to explain anything to him twice. 
Pick the word and its Antonym:
Synonym for dizzy is faint. Is it correct or incorrect?
Synonym for aggressive is violent. Is it correct or incorrect? 
Synonym for dodge is jump. Is it correct or incorrect? 
Pick the word and  its Antonym:
Select the Synonym for Allow:
Pick the word and its Antonym:
Pick the word and  its Antonym:
Gina succeeded against strong competition.
Select the Antonym for Funny:
Gulliver saw many Dwarf people at the seashore who were trying to tie him to the trunk of a tree.
Select the antonym for Hide:
Select the antonym for Cheerful:
Select the Antonym for Risky:
Which of the following options is an Antonym for ‘Curve’?
Are Damp and Dried Antonyms?
Which of the following options is an Antonym for ‘Compress’?
Are Fold and New Synonyms?
Pick the word and its Synonym:
Pick the word and its Synonym:
Pick the word and its Synonym:
Pick the word and its Synonym:
Pick the word and its 2 Synonyms from the given options:
Pick the word and its 2 Synonyms from the given options:
Pick the word and its 2 Synonyms from the given options:
Samuel grasps any topic quickly. We need not to explain anything to him twice. 
Select the Antonym for Messy:
Select the Antonym for Present:
Select the Antonym for 
Frank made a prank call to Jisoo and talked to her. 
Pick the word and its Antonym:]]>
    </system-out>
  </testcase> <!-- takeTest -->
  <testcase classname="script.TakeAllShellsTest" name="takeTest" time="114.729">
    <error message="no such element: Unable to locate element: {&quot;method&quot;:&quot;xpath&quot;,&quot;selector&quot;:&quot;//button[text()=&#039;Next&#039;]&quot;}
  (Session info: chrome=120.0.6099.131)
For documentation on this error, please visit: https://www.selenium.dev/documentation/webdriver/troubleshooting/errors#no-such-element-exception
Build info: version: &#039;4.16.1&#039;, revision: &#039;9b4c83354e&#039;
System info: os.name: &#039;Windows 10&#039;, os.arch: &#039;amd64&#039;, os.version: &#039;10.0&#039;, java.version: &#039;21&#039;
Driver info: org.openqa.selenium.chrome.ChromeDriver
Command: [78c0ebed0e260c1a88e70b014ad8d26e, findElement {using=xpath, value=//button[text()=&#039;Next&#039;]}]
Capabilities {acceptInsecureCerts: false, browserName: chrome, browserVersion: 120.0.6099.131, chrome: {chromedriverVersion: 120.0.6099.109 (3419140ab66..., userDataDir: C:\Users\user\AppData\Local...}, fedcm:accounts: true, goog:chromeOptions: {debuggerAddress: localhost:59002}, networkConnectionEnabled: false, pageLoadStrategy: normal, platformName: windows, proxy: Proxy(), se:cdp: ws://localhost:59002/devtoo..., se:cdpVersion: 120.0.6099.131, setWindowRect: true, strictFileInteractability: false, timeouts: {implicit: 0, pageLoad: 300000, script: 30000}, unhandledPromptBehavior: dismiss and notify, webauthn:extension:credBlob: true, webauthn:extension:largeBlob: true, webauthn:extension:minPinLength: true, webauthn:extension:prf: true, webauthn:virtualAuthenticators: true}
Session ID: 78c0ebed0e260c1a88e70b014ad8d26e" type="org.openqa.selenium.NoSuchElementException">
      <![CDATA[org.openqa.selenium.NoSuchElementException: no such element: Unable to locate element: {"method":"xpath","selector":"//button[text()='Next']"}
  (Session info: chrome=120.0.6099.131)
For documentation on this error, please visit: https://www.selenium.dev/documentation/webdriver/troubleshooting/errors#no-such-element-exception
Build info: version: '4.16.1', revision: '9b4c83354e'
System info: os.name: 'Windows 10', os.arch: 'amd64', os.version: '10.0', java.version: '21'
Driver info: org.openqa.selenium.chrome.ChromeDriver
Command: [78c0ebed0e260c1a88e70b014ad8d26e, findElement {using=xpath, value=//button[text()='Next']}]
Capabilities {acceptInsecureCerts: false, browserName: chrome, browserVersion: 120.0.6099.131, chrome: {chromedriverVersion: 120.0.6099.109 (3419140ab66..., userDataDir: C:\Users\user\AppData\Local...}, fedcm:accounts: true, goog:chromeOptions: {debuggerAddress: localhost:59002}, networkConnectionEnabled: false, pageLoadStrategy: normal, platformName: windows, proxy: Proxy(), se:cdp: ws://localhost:59002/devtoo..., se:cdpVersion: 120.0.6099.131, setWindowRect: true, strictFileInteractability: false, timeouts: {implicit: 0, pageLoad: 300000, script: 30000}, unhandledPromptBehavior: dismiss and notify, webauthn:extension:credBlob: true, webauthn:extension:largeBlob: true, webauthn:extension:minPinLength: true, webauthn:extension:prf: true, webauthn:virtualAuthenticators: true}
Session ID: 78c0ebed0e260c1a88e70b014ad8d26e
at java.base/jdk.internal.reflect.DirectConstructorHandleAccessor.newInstance(DirectConstructorHandleAccessor.java:62)
at java.base/java.lang.reflect.Constructor.newInstanceWithCaller(Constructor.java:502)
at java.base/java.lang.reflect.Constructor.newInstance(Constructor.java:486)
at org.openqa.selenium.remote.codec.w3c.W3CHttpResponseCodec.createException(W3CHttpResponseCodec.java:200)
at org.openqa.selenium.remote.codec.w3c.W3CHttpResponseCodec.decode(W3CHttpResponseCodec.java:133)
at org.openqa.selenium.remote.codec.w3c.W3CHttpResponseCodec.decode(W3CHttpResponseCodec.java:52)
at org.openqa.selenium.remote.HttpCommandExecutor.execute(HttpCommandExecutor.java:191)
at org.openqa.selenium.remote.service.DriverCommandExecutor.invokeExecute(DriverCommandExecutor.java:200)
at org.openqa.selenium.remote.service.DriverCommandExecutor.execute(DriverCommandExecutor.java:175)
at org.openqa.selenium.remote.RemoteWebDriver.execute(RemoteWebDriver.java:523)
at org.openqa.selenium.remote.ElementLocation$ElementFinder$2.findElement(ElementLocation.java:165)
at org.openqa.selenium.remote.ElementLocation.findElement(ElementLocation.java:59)
at org.openqa.selenium.remote.RemoteWebDriver.findElement(RemoteWebDriver.java:360)
at org.openqa.selenium.remote.RemoteWebDriver.findElement(RemoteWebDriver.java:354)
at org.openqa.selenium.support.pagefactory.DefaultElementLocator.findElement(DefaultElementLocator.java:68)
at org.openqa.selenium.support.pagefactory.internal.LocatingElementHandler.invoke(LocatingElementHandler.java:38)
at jdk.proxy2/jdk.proxy2.$Proxy15.click(Unknown Source)
at page.BrainGymPage.clickNextBtn(BrainGymPage.java:338)
at script.TakeAllShellsTest.takeTest(TakeAllShellsTest.java:126)
at java.base/jdk.internal.reflect.DirectMethodHandleAccessor.invoke(DirectMethodHandleAccessor.java:103)
at java.base/java.lang.reflect.Method.invoke(Method.java:580)
at org.testng.internal.invokers.MethodInvocationHelper.invokeMethod(MethodInvocationHelper.java:139)
at org.testng.internal.invokers.TestInvoker.invokeMethod(TestInvoker.java:664)
at org.testng.internal.invokers.TestInvoker.invokeTestMethod(TestInvoker.java:227)
at org.testng.internal.invokers.MethodRunner.runInSequence(MethodRunner.java:50)
at org.testng.internal.invokers.TestInvoker$MethodInvocationAgent.invoke(TestInvoker.java:957)
at org.testng.internal.invokers.TestInvoker.invokeTestMethods(TestInvoker.java:200)
at org.testng.internal.invokers.TestMethodWorker.invokeTestMethods(TestMethodWorker.java:148)
at org.testng.internal.invokers.TestMethodWorker.run(TestMethodWorker.java:128)
at java.base/java.util.ArrayList.forEach(ArrayList.java:1596)
at org.testng.TestRunner.privateRun(TestRunner.java:848)
at org.testng.TestRunner.run(TestRunner.java:621)
at org.testng.SuiteRunner.runTest(SuiteRunner.java:443)
at org.testng.SuiteRunner.runSequentially(SuiteRunner.java:437)
at org.testng.SuiteRunner.privateRun(SuiteRunner.java:397)
at org.testng.SuiteRunner.run(SuiteRunner.java:336)
at org.testng.SuiteRunnerWorker.runSuite(SuiteRunnerWorker.java:52)
at org.testng.SuiteRunnerWorker.run(SuiteRunnerWorker.java:95)
at org.testng.TestNG.runSuitesSequentially(TestNG.java:1280)
at org.testng.TestNG.runSuitesLocally(TestNG.java:1200)
at org.testng.TestNG.runSuites(TestNG.java:1114)
at org.testng.TestNG.run(TestNG.java:1082)
at org.testng.remote.AbstractRemoteTestNG.run(AbstractRemoteTestNG.java:115)
at org.testng.remote.RemoteTestNG.initAndRun(RemoteTestNG.java:251)
at org.testng.remote.RemoteTestNG.main(RemoteTestNG.java:77)
]]>
    </error>
  </testcase> <!-- takeTest -->
  <testcase classname="script.TakeAllShellsTest" name="takeTest" time="38.374">
    <error message="no such element: Unable to locate element: {&quot;method&quot;:&quot;xpath&quot;,&quot;selector&quot;:&quot;//div[@class=&#039;question-options-wrapper selectTyleType&#039;]/div[2]/button&quot;}
  (Session info: chrome=120.0.6099.131)
For documentation on this error, please visit: https://www.selenium.dev/documentation/webdriver/troubleshooting/errors#no-such-element-exception
Build info: version: &#039;4.16.1&#039;, revision: &#039;9b4c83354e&#039;
System info: os.name: &#039;Windows 10&#039;, os.arch: &#039;amd64&#039;, os.version: &#039;10.0&#039;, java.version: &#039;21&#039;
Driver info: org.openqa.selenium.chrome.ChromeDriver
Command: [72e9c074c38f1864acd4c924ee35bf2c, findElement {using=xpath, value=//div[@class=&#039;question-options-wrapper selectTyleType&#039;]/div[2]/button}]
Capabilities {acceptInsecureCerts: false, browserName: chrome, browserVersion: 120.0.6099.131, chrome: {chromedriverVersion: 120.0.6099.109 (3419140ab66..., userDataDir: C:\Users\user\AppData\Local...}, fedcm:accounts: true, goog:chromeOptions: {debuggerAddress: localhost:59094}, networkConnectionEnabled: false, pageLoadStrategy: normal, platformName: windows, proxy: Proxy(), se:cdp: ws://localhost:59094/devtoo..., se:cdpVersion: 120.0.6099.131, setWindowRect: true, strictFileInteractability: false, timeouts: {implicit: 0, pageLoad: 300000, script: 30000}, unhandledPromptBehavior: dismiss and notify, webauthn:extension:credBlob: true, webauthn:extension:largeBlob: true, webauthn:extension:minPinLength: true, webauthn:extension:prf: true, webauthn:virtualAuthenticators: true}
Session ID: 72e9c074c38f1864acd4c924ee35bf2c" type="org.openqa.selenium.NoSuchElementException">
      <![CDATA[org.openqa.selenium.NoSuchElementException: no such element: Unable to locate element: {"method":"xpath","selector":"//div[@class='question-options-wrapper selectTyleType']/div[2]/button"}
  (Session info: chrome=120.0.6099.131)
For documentation on this error, please visit: https://www.selenium.dev/documentation/webdriver/troubleshooting/errors#no-such-element-exception
Build info: version: '4.16.1', revision: '9b4c83354e'
System info: os.name: 'Windows 10', os.arch: 'amd64', os.version: '10.0', java.version: '21'
Driver info: org.openqa.selenium.chrome.ChromeDriver
Command: [72e9c074c38f1864acd4c924ee35bf2c, findElement {using=xpath, value=//div[@class='question-options-wrapper selectTyleType']/div[2]/button}]
Capabilities {acceptInsecureCerts: false, browserName: chrome, browserVersion: 120.0.6099.131, chrome: {chromedriverVersion: 120.0.6099.109 (3419140ab66..., userDataDir: C:\Users\user\AppData\Local...}, fedcm:accounts: true, goog:chromeOptions: {debuggerAddress: localhost:59094}, networkConnectionEnabled: false, pageLoadStrategy: normal, platformName: windows, proxy: Proxy(), se:cdp: ws://localhost:59094/devtoo..., se:cdpVersion: 120.0.6099.131, setWindowRect: true, strictFileInteractability: false, timeouts: {implicit: 0, pageLoad: 300000, script: 30000}, unhandledPromptBehavior: dismiss and notify, webauthn:extension:credBlob: true, webauthn:extension:largeBlob: true, webauthn:extension:minPinLength: true, webauthn:extension:prf: true, webauthn:virtualAuthenticators: true}
Session ID: 72e9c074c38f1864acd4c924ee35bf2c
at java.base/jdk.internal.reflect.DirectConstructorHandleAccessor.newInstance(DirectConstructorHandleAccessor.java:62)
at java.base/java.lang.reflect.Constructor.newInstanceWithCaller(Constructor.java:502)
at java.base/java.lang.reflect.Constructor.newInstance(Constructor.java:486)
at org.openqa.selenium.remote.codec.w3c.W3CHttpResponseCodec.createException(W3CHttpResponseCodec.java:200)
at org.openqa.selenium.remote.codec.w3c.W3CHttpResponseCodec.decode(W3CHttpResponseCodec.java:133)
at org.openqa.selenium.remote.codec.w3c.W3CHttpResponseCodec.decode(W3CHttpResponseCodec.java:52)
at org.openqa.selenium.remote.HttpCommandExecutor.execute(HttpCommandExecutor.java:191)
at org.openqa.selenium.remote.service.DriverCommandExecutor.invokeExecute(DriverCommandExecutor.java:200)
at org.openqa.selenium.remote.service.DriverCommandExecutor.execute(DriverCommandExecutor.java:175)
at org.openqa.selenium.remote.RemoteWebDriver.execute(RemoteWebDriver.java:523)
at org.openqa.selenium.remote.ElementLocation$ElementFinder$2.findElement(ElementLocation.java:165)
at org.openqa.selenium.remote.ElementLocation.findElement(ElementLocation.java:59)
at org.openqa.selenium.remote.RemoteWebDriver.findElement(RemoteWebDriver.java:360)
at org.openqa.selenium.remote.RemoteWebDriver.findElement(RemoteWebDriver.java:354)
at org.openqa.selenium.support.pagefactory.DefaultElementLocator.findElement(DefaultElementLocator.java:68)
at org.openqa.selenium.support.pagefactory.internal.LocatingElementHandler.invoke(LocatingElementHandler.java:38)
at jdk.proxy2/jdk.proxy2.$Proxy15.click(Unknown Source)
at page.BrainGymPage.clickAnswerOption(BrainGymPage.java:219)
at script.TakeAllShellsTest.takeTest(TakeAllShellsTest.java:101)
at java.base/jdk.internal.reflect.DirectMethodHandleAccessor.invoke(DirectMethodHandleAccessor.java:103)
at java.base/java.lang.reflect.Method.invoke(Method.java:580)
at org.testng.internal.invokers.MethodInvocationHelper.invokeMethod(MethodInvocationHelper.java:139)
at org.testng.internal.invokers.TestInvoker.invokeMethod(TestInvoker.java:664)
at org.testng.internal.invokers.TestInvoker.invokeTestMethod(TestInvoker.java:227)
at org.testng.internal.invokers.MethodRunner.runInSequence(MethodRunner.java:50)
at org.testng.internal.invokers.TestInvoker$MethodInvocationAgent.invoke(TestInvoker.java:957)
at org.testng.internal.invokers.TestInvoker.invokeTestMethods(TestInvoker.java:200)
at org.testng.internal.invokers.TestMethodWorker.invokeTestMethods(TestMethodWorker.java:148)
at org.testng.internal.invokers.TestMethodWorker.run(TestMethodWorker.java:128)
at java.base/java.util.ArrayList.forEach(ArrayList.java:1596)
at org.testng.TestRunner.privateRun(TestRunner.java:848)
at org.testng.TestRunner.run(TestRunner.java:621)
at org.testng.SuiteRunner.runTest(SuiteRunner.java:443)
at org.testng.SuiteRunner.runSequentially(SuiteRunner.java:437)
at org.testng.SuiteRunner.privateRun(SuiteRunner.java:397)
at org.testng.SuiteRunner.run(SuiteRunner.java:336)
at org.testng.SuiteRunnerWorker.runSuite(SuiteRunnerWorker.java:52)
at org.testng.SuiteRunnerWorker.run(SuiteRunnerWorker.java:95)
at org.testng.TestNG.runSuitesSequentially(TestNG.java:1280)
at org.testng.TestNG.runSuitesLocally(TestNG.java:1200)
at org.testng.TestNG.runSuites(TestNG.java:1114)
at org.testng.TestNG.run(TestNG.java:1082)
at org.testng.remote.AbstractRemoteTestNG.run(AbstractRemoteTestNG.java:115)
at org.testng.remote.RemoteTestNG.initAndRun(RemoteTestNG.java:251)
at org.testng.remote.RemoteTestNG.main(RemoteTestNG.java:77)
]]>
    </error>
  </testcase> <!-- takeTest -->
  <system-out>
    <![CDATA[Browser is:chrome
Set ITO:20
Enter the URL:https://d2c0p5f3p3k3ka.cloudfront.net/
Maximize the browser
Set ETO:20
Select the Antonym for 
Pick the word and its Synonym:
Pick the word and its Synonym:
Pick the word and its Synonym:
Pick the word and its 2 Synonyms from the given options:
Pick the word and its 2 Synonyms from the given options:
Pick the word and its Antonym:
Pick the word and its Antonym:
Samuel grasps any topic quickly. We need not to explain anything to him twice. 
Select the Antonym for Messy:
Synonym for dizzy is faint. Is it correct or incorrect?
Synonym for aggressive is violent. Is it correct or incorrect? 
Synonym for dodge is jump. Is it correct or incorrect? 
Pick the word and  its Antonym:
Select the Synonym for Allow:
Pick the word and its Antonym:
Pick the word and  its Antonym:
Gina succeeded against strong competition.
Select the Antonym for Funny:
Gulliver saw many Dwarf people at the seashore who were trying to tie him to the trunk of a tree.
Select the antonym for Hide:
Select the antonym for Cheerful:
Select the Antonym for Risky:
Pick the word and its Synonym:
Pick the word and its Synonym:
Pick the word and its Synonym:
Pick the word and its Synonym:
Pick the word and its 2 Synonyms from the given options:
Pick the word and its 2 Synonyms from the given options:
Pick the word and its 2 Synonyms from the given options:
Select the Antonym for 
Select the Antonym for Messy:
Frank made a prank call to Jisoo and talked to her. 
Samuel grasps any topic quickly. We need not to explain anything to him twice. 
Pick the word and its Antonym:
Synonym for dizzy is faint. Is it correct or incorrect?
Synonym for aggressive is violent. Is it correct or incorrect? 
Synonym for dodge is jump. Is it correct or incorrect? 
Pick the word and  its Antonym:
Select the Synonym for Allow:
Pick the word and its Antonym:
Pick the word and  its Antonym:
Gina succeeded against strong competition.
Select the Antonym for Funny:
Gulliver saw many Dwarf people at the seashore who were trying to tie him to the trunk of a tree.
Select the antonym for Hide:
Select the antonym for Cheerful:
Select the Antonym for Risky:
Which of the following options is an Antonym for ‘Curve’?
Are Damp and Dried Antonyms?
Which of the following options is an Antonym for ‘Compress’?
Are Fold and New Synonyms?
Pick the word and its Synonym:
Pick the word and its Synonym:
Pick the word and its Synonym:
Pick the word and its Synonym:
Pick the word and its 2 Synonyms from the given options:
Pick the word and its 2 Synonyms from the given options:
Pick the word and its 2 Synonyms from the given options:
Samuel grasps any topic quickly. We need not to explain anything to him twice. 
Select the Antonym for Messy:
Select the Antonym for Present:
Select the Antonym for 
Frank made a prank call to Jisoo and talked to her. 
Pick the word and its Antonym:
Close the browser
Browser is:chrome
Set ITO:20
Enter the URL:https://d2c0p5f3p3k3ka.cloudfront.net/
Maximize the browser
Set ETO:20
Close the browser
Browser is:chrome
Set ITO:20
Enter the URL:https://d2c0p5f3p3k3ka.cloudfront.net/
Maximize the browser
Set ETO:20
Close the browser]]>
  </system-out>
</testsuite> <!-- script.TakeAllShellsTest -->
