<?xml version="1.0" encoding="UTF-8"?>
<!-- Generated by org.testng.reporters.JUnitReportReporter -->
<testsuite hostname="DESKTOP-OMI40QV" failures="0" tests="1" name="script.CodekruTest" time="3.859" errors="0" timestamp="2024-01-16T13:54:57 IST" skipped="0">
  <testcase classname="script.CodekruTest" name="whenReuestedPost_thenCreated" time="3.859"/>
</testsuite> <!-- script.CodekruTest -->
