<?xml version="1.0" encoding="UTF-8"?>
<!-- Generated by org.testng.reporters.JUnitReportReporter -->
<testsuite hostname="DESKTOP-OMI40QV" failures="0" tests="1" name="script.testUserNotExist" time="17.009" errors="0" timestamp="2024-01-03T21:19:15 IST" skipped="0">
  <testcase classname="script.testUserNotExist" name="verifyUserNotexistMessage" time="17.009"/>
  <system-out>
    <![CDATA[Browser is:chrome
Set ITO:10
Enter the URL:https://tautmore.com
Maximize the browser
Set ETO:60
Close the browser]]>
  </system-out>
</testsuite> <!-- script.testUserNotExist -->
