<?xml version="1.0" encoding="UTF-8"?>
<!-- Generated by org.testng.reporters.JUnitReportReporter -->
<testsuite hostname="DESKTOP-OMI40QV" failures="0" tests="1" name="script.VerifyCreateStudentEmailAlreadyExistFailureMessage" time="42.179" errors="0" timestamp="2023-12-08T13:00:54 IST" skipped="0">
  <testcase classname="script.VerifyCreateStudentEmailAlreadyExistFailureMessage" name="testAddStudent" time="42.179"/>
  <system-out>
    <![CDATA[Browser is:chrome
Set ITO:100
Enter the URL:https://raj.tautmore.com/login
Maximize the browser
Set ETO:60
Close the browser]]>
  </system-out>
</testsuite> <!-- script.VerifyCreateStudentEmailAlreadyExistFailureMessage -->
