<?xml version="1.0" encoding="UTF-8"?>
<!-- Generated by org.testng.reporters.JUnitReportReporter -->
<testsuite hostname="DESKTOP-OMI40QV" failures="0" tests="1" name="script.InvalidLogin_edison" time="3.589" errors="0" timestamp="2023-11-27T16:37:34 IST" skipped="0">
  <testcase classname="script.InvalidLogin_edison" name="testInvalidLogin" time="3.589"/>
  <system-out>
    <![CDATA[Browser is:chrome
Set ITO:30
Enter the URL:https://edison.tautmore.com/
Maximize the browser
Set ETO:30
Close the browser
Browser is:chrome
Set ITO:30
Enter the URL:https://edison.tautmore.com/
Maximize the browser
Set ETO:30
Close the browser
Browser is:chrome
Set ITO:30
Enter the URL:https://edison.tautmore.com/
Maximize the browser
Set ETO:30
Close the browser
Browser is:chrome
Set ITO:30
Enter the URL:https://edison.tautmore.com/
Maximize the browser
Set ETO:30
Close the browser]]>
  </system-out>
</testsuite> <!-- script.InvalidLogin_edison -->
