<?xml version="1.0" encoding="UTF-8"?>
<!-- Generated by org.testng.reporters.JUnitReportReporter -->
<testsuite hostname="DESKTOP-OMI40QV" failures="0" tests="2" name="script.VerifyCreateStudentSuccessMessage" time="74.117" errors="0" timestamp="2023-12-08T12:28:18 IST" skipped="0">
  <testcase classname="script.VerifyCreateStudentSuccessMessage" name="testAddStudent" time="37.229"/>
  <testcase classname="script.VerifyCreateStudentSuccessMessage" name="testAddStudent" time="36.888"/>
  <system-out>
    <![CDATA[Browser is:chrome
Set ITO:60
Enter the URL:https://raj.tautmore.com/login
Maximize the browser
Set ETO:30
Close the browser
Browser is:chrome
Set ITO:60
Enter the URL:https://raj.tautmore.com/login
Maximize the browser
Set ETO:30
Close the browser
Browser is:chrome
Set ITO:60
Enter the URL:https://raj.tautmore.com/login
Maximize the browser
Set ETO:30
Close the browser
Browser is:chrome
Set ITO:60
Enter the URL:https://raj.tautmore.com/login
Maximize the browser
Set ETO:30
Close the browser
Browser is:chrome
Set ITO:60
Enter the URL:https://raj.tautmore.com/login
Maximize the browser
Set ETO:30
Close the browser
Browser is:chrome
Set ITO:60
Enter the URL:https://raj.tautmore.com/login
Maximize the browser
Set ETO:30
Close the browser]]>
  </system-out>
</testsuite> <!-- script.VerifyCreateStudentSuccessMessage -->
