<?xml version="1.0" encoding="UTF-8"?>
<!-- Generated by org.testng.reporters.JUnitReportReporter -->
<testsuite hostname="DESKTOP-OMI40QV" failures="0" tests="3" name="script.RunBGScript" time="1151.247" errors="3" timestamp="2024-02-26T08:34:38 IST" skipped="0">
  <testcase classname="script.RunBGScript" name="takeTest" time="38.444">
    <error message="Cannot invoke &quot;String.equals(Object)&quot; because &quot;accessToken&quot; is null" type="java.lang.NullPointerException">
      <![CDATA[java.lang.NullPointerException: Cannot invoke "String.equals(Object)" because "accessToken" is null
at script.RunBGScript.takeTest(RunBGScript.java:112)
at java.base/jdk.internal.reflect.DirectMethodHandleAccessor.invoke(DirectMethodHandleAccessor.java:103)
at java.base/java.lang.reflect.Method.invoke(Method.java:580)
at org.testng.internal.invokers.MethodInvocationHelper.invokeMethod(MethodInvocationHelper.java:139)
at org.testng.internal.invokers.TestInvoker.invokeMethod(TestInvoker.java:664)
at org.testng.internal.invokers.TestInvoker.invokeTestMethod(TestInvoker.java:227)
at org.testng.internal.invokers.MethodRunner.runInSequence(MethodRunner.java:50)
at org.testng.internal.invokers.TestInvoker$MethodInvocationAgent.invoke(TestInvoker.java:957)
at org.testng.internal.invokers.TestInvoker.invokeTestMethods(TestInvoker.java:200)
at org.testng.internal.invokers.TestMethodWorker.invokeTestMethods(TestMethodWorker.java:148)
at org.testng.internal.invokers.TestMethodWorker.run(TestMethodWorker.java:128)
at java.base/java.util.ArrayList.forEach(ArrayList.java:1596)
at org.testng.TestRunner.privateRun(TestRunner.java:848)
at org.testng.TestRunner.run(TestRunner.java:621)
at org.testng.SuiteRunner.runTest(SuiteRunner.java:443)
at org.testng.SuiteRunner.runSequentially(SuiteRunner.java:437)
at org.testng.SuiteRunner.privateRun(SuiteRunner.java:397)
at org.testng.SuiteRunner.run(SuiteRunner.java:336)
at org.testng.SuiteRunnerWorker.runSuite(SuiteRunnerWorker.java:52)
at org.testng.SuiteRunnerWorker.run(SuiteRunnerWorker.java:95)
at org.testng.TestNG.runSuitesSequentially(TestNG.java:1280)
at org.testng.TestNG.runSuitesLocally(TestNG.java:1200)
at org.testng.TestNG.runSuites(TestNG.java:1114)
at org.testng.TestNG.run(TestNG.java:1082)
at org.testng.remote.AbstractRemoteTestNG.run(AbstractRemoteTestNG.java:115)
at org.testng.remote.RemoteTestNG.initAndRun(RemoteTestNG.java:251)
at org.testng.remote.RemoteTestNG.main(RemoteTestNG.java:77)
]]>
    </error>
  </testcase> <!-- takeTest -->
  <testcase classname="script.RunBGScript" name="takeTest" time="570.068">
    <error message="hexString can not be null" type="java.lang.IllegalArgumentException">
      <![CDATA[java.lang.IllegalArgumentException: hexString can not be null
at org.bson.assertions.Assertions.notNull(Assertions.java:37)
at org.bson.types.ObjectId.parseHexString(ObjectId.java:418)
at org.bson.types.ObjectId.<init>(ObjectId.java:205)
at utilities.mongoDBSeleniumIntegration.updateBrainGymMappings(mongoDBSeleniumIntegration.java:403)
at page.BrainGymPage.numberOfDaystoRun(BrainGymPage.java:711)
at script.RunBGScript.takeTest(RunBGScript.java:117)
at java.base/jdk.internal.reflect.DirectMethodHandleAccessor.invoke(DirectMethodHandleAccessor.java:103)
at java.base/java.lang.reflect.Method.invoke(Method.java:580)
at org.testng.internal.invokers.MethodInvocationHelper.invokeMethod(MethodInvocationHelper.java:139)
at org.testng.internal.invokers.TestInvoker.invokeMethod(TestInvoker.java:664)
at org.testng.internal.invokers.TestInvoker.invokeTestMethod(TestInvoker.java:227)
at org.testng.internal.invokers.MethodRunner.runInSequence(MethodRunner.java:50)
at org.testng.internal.invokers.TestInvoker$MethodInvocationAgent.invoke(TestInvoker.java:957)
at org.testng.internal.invokers.TestInvoker.invokeTestMethods(TestInvoker.java:200)
at org.testng.internal.invokers.TestMethodWorker.invokeTestMethods(TestMethodWorker.java:148)
at org.testng.internal.invokers.TestMethodWorker.run(TestMethodWorker.java:128)
at java.base/java.util.ArrayList.forEach(ArrayList.java:1596)
at org.testng.TestRunner.privateRun(TestRunner.java:848)
at org.testng.TestRunner.run(TestRunner.java:621)
at org.testng.SuiteRunner.runTest(SuiteRunner.java:443)
at org.testng.SuiteRunner.runSequentially(SuiteRunner.java:437)
at org.testng.SuiteRunner.privateRun(SuiteRunner.java:397)
at org.testng.SuiteRunner.run(SuiteRunner.java:336)
at org.testng.SuiteRunnerWorker.runSuite(SuiteRunnerWorker.java:52)
at org.testng.SuiteRunnerWorker.run(SuiteRunnerWorker.java:95)
at org.testng.TestNG.runSuitesSequentially(TestNG.java:1280)
at org.testng.TestNG.runSuitesLocally(TestNG.java:1200)
at org.testng.TestNG.runSuites(TestNG.java:1114)
at org.testng.TestNG.run(TestNG.java:1082)
at org.testng.remote.AbstractRemoteTestNG.run(AbstractRemoteTestNG.java:115)
at org.testng.remote.RemoteTestNG.initAndRun(RemoteTestNG.java:251)
at org.testng.remote.RemoteTestNG.main(RemoteTestNG.java:77)
]]>
    </error>
    <system-out>
      <![CDATA[<span style='color: green;'>Pass: No Duplicate Found : </span>62b552f7c62b9f0009a8eeb3
<span style='color: green;'>Pass: No Duplicate Found : </span>62b55339f6914800091f666d
<span style='color: green;'>Pass: No Duplicate Found : </span>62b55370f6914800091f667e
<span style='color: green;'>Pass: No Duplicate Found : </span>62b584c01ab0d8000973442f
<span style='color: green;'>Pass: No Duplicate Found : </span>62b58572e743df0009a1a285
<span style='color: green;'>Pass: No Duplicate Found : </span>62b585afd582f1000942dcf4
<span style='color: green;'>Pass: No Duplicate Found : </span>62b585d31ab0d80009734450
<span style='color: green;'>Pass: No Duplicate Found : </span>62b59ec7d926d600094f40d8
<span style='color: green;'>Pass: No Duplicate Found : </span>62b59fcd23ece70009a96c14
<span style='color: green;'>Pass: No Duplicate Found : </span>62b5a04823ece70009a96c27
<span style='color: green;'>Pass: No Duplicate Found : </span>62b5c06602a32d0009b9db8a
<span style='color: green;'>Pass: No Duplicate Found : </span>62b5c0ec174b250009254cae
<span style='color: green;'>Pass: No Duplicate Found : </span>62b5c12f02a32d0009b9db99
<span style='color: green;'>Pass: No Duplicate Found : </span>62b5c16102a32d0009b9dba6
<span style='color: green;'>Pass: No Duplicate Found : </span>62b6900d2a753e0009b344be
<span style='color: green;'>Pass: No Duplicate Found : </span>62b690382a753e0009b344c4
<span style='color: green;'>Pass: No Duplicate Found : </span>62b6906c2a753e0009b344ca
<span style='color: green;'>Pass: No Duplicate Found : </span>62b690c94042fe0009ee0f6a]]>
    </system-out>
  </testcase> <!-- takeTest -->
  <testcase classname="script.RunBGScript" name="takeTest" time="542.735">
    <error message="hexString can not be null" type="java.lang.IllegalArgumentException">
      <![CDATA[java.lang.IllegalArgumentException: hexString can not be null
at org.bson.assertions.Assertions.notNull(Assertions.java:37)
at org.bson.types.ObjectId.parseHexString(ObjectId.java:418)
at org.bson.types.ObjectId.<init>(ObjectId.java:205)
at utilities.mongoDBSeleniumIntegration.updateBrainGymMappings(mongoDBSeleniumIntegration.java:403)
at page.BrainGymPage.numberOfDaystoRun(BrainGymPage.java:711)
at script.RunBGScript.takeTest(RunBGScript.java:117)
at java.base/jdk.internal.reflect.DirectMethodHandleAccessor.invoke(DirectMethodHandleAccessor.java:103)
at java.base/java.lang.reflect.Method.invoke(Method.java:580)
at org.testng.internal.invokers.MethodInvocationHelper.invokeMethod(MethodInvocationHelper.java:139)
at org.testng.internal.invokers.TestInvoker.invokeMethod(TestInvoker.java:664)
at org.testng.internal.invokers.TestInvoker.invokeTestMethod(TestInvoker.java:227)
at org.testng.internal.invokers.MethodRunner.runInSequence(MethodRunner.java:50)
at org.testng.internal.invokers.TestInvoker$MethodInvocationAgent.invoke(TestInvoker.java:957)
at org.testng.internal.invokers.TestInvoker.invokeTestMethods(TestInvoker.java:200)
at org.testng.internal.invokers.TestMethodWorker.invokeTestMethods(TestMethodWorker.java:148)
at org.testng.internal.invokers.TestMethodWorker.run(TestMethodWorker.java:128)
at java.base/java.util.ArrayList.forEach(ArrayList.java:1596)
at org.testng.TestRunner.privateRun(TestRunner.java:848)
at org.testng.TestRunner.run(TestRunner.java:621)
at org.testng.SuiteRunner.runTest(SuiteRunner.java:443)
at org.testng.SuiteRunner.runSequentially(SuiteRunner.java:437)
at org.testng.SuiteRunner.privateRun(SuiteRunner.java:397)
at org.testng.SuiteRunner.run(SuiteRunner.java:336)
at org.testng.SuiteRunnerWorker.runSuite(SuiteRunnerWorker.java:52)
at org.testng.SuiteRunnerWorker.run(SuiteRunnerWorker.java:95)
at org.testng.TestNG.runSuitesSequentially(TestNG.java:1280)
at org.testng.TestNG.runSuitesLocally(TestNG.java:1200)
at org.testng.TestNG.runSuites(TestNG.java:1114)
at org.testng.TestNG.run(TestNG.java:1082)
at org.testng.remote.AbstractRemoteTestNG.run(AbstractRemoteTestNG.java:115)
at org.testng.remote.RemoteTestNG.initAndRun(RemoteTestNG.java:251)
at org.testng.remote.RemoteTestNG.main(RemoteTestNG.java:77)
]]>
    </error>
    <system-out>
      <![CDATA[<span style='color: green;'>Pass: No Duplicate Found : </span>62b44612b265940009ea2f89
<span style='color: green;'>Pass: No Duplicate Found : </span>62b433874651ba00092554f2
<span style='color: green;'>Pass: No Duplicate Found : </span>62b43437461ea60009f31505
<span style='color: green;'>Pass: No Duplicate Found : </span>62b434da113c200009745609
<span style='color: green;'>Pass: No Duplicate Found : </span>62b4342b461ea60009f314ff
<span style='color: green;'>Pass: No Duplicate Found : </span>62b434ba113c200009745603
<span style='color: green;'>Pass: No Duplicate Found : </span>62b43561113c200009745637
<span style='color: green;'>Pass: No Duplicate Found : </span>62b43593113c200009745641
<span style='color: green;'>Pass: No Duplicate Found : </span>62b440ca461ea60009f3162c
<span style='color: green;'>Pass: No Duplicate Found : </span>62b44101d9e40c000932ef1e
<span style='color: green;'>Pass: No Duplicate Found : </span>62b4413fd9e40c000932ef2e
<span style='color: green;'>Pass: No Duplicate Found : </span>62b4417b461ea60009f31678
<span style='color: green;'>Pass: No Duplicate Found : </span>62b44b3d14a1720009f07273
<span style='color: green;'>Pass: No Duplicate Found : </span>62b44b7514a1720009f07285
<span style='color: green;'>Pass: No Duplicate Found : </span>62b44b98461ea60009f317f9
<span style='color: green;'>Pass: No Duplicate Found : </span>62b44bb914a1720009f0728d
<span style='color: green;'>Pass: No Duplicate Found : </span>62b44e5bae14fc0009785274
<span style='color: green;'>Pass: No Duplicate Found : </span>62b44e94ae14fc000978528f
<span style='color: green;'>Pass: No Duplicate Found : </span>62b44f2dae14fc00097852a9
<span style='color: green;'>Pass: No Duplicate Found : </span>62b44f5f14a1720009f07306]]>
    </system-out>
  </testcase> <!-- takeTest -->
  <system-out>
    <![CDATA[Browser is:chrome
Set ITO:10
Enter the URL:https://www.tautmore.com/
Maximize the browser
Set ETO:5
<span style='color: green;'>Pass: No Duplicate Found : </span>62b552f7c62b9f0009a8eeb3
<span style='color: green;'>Pass: No Duplicate Found : </span>62b55339f6914800091f666d
<span style='color: green;'>Pass: No Duplicate Found : </span>62b55370f6914800091f667e
<span style='color: green;'>Pass: No Duplicate Found : </span>62b584c01ab0d8000973442f
<span style='color: green;'>Pass: No Duplicate Found : </span>62b58572e743df0009a1a285
<span style='color: green;'>Pass: No Duplicate Found : </span>62b585afd582f1000942dcf4
<span style='color: green;'>Pass: No Duplicate Found : </span>62b585d31ab0d80009734450
<span style='color: green;'>Pass: No Duplicate Found : </span>62b59ec7d926d600094f40d8
<span style='color: green;'>Pass: No Duplicate Found : </span>62b59fcd23ece70009a96c14
<span style='color: green;'>Pass: No Duplicate Found : </span>62b5a04823ece70009a96c27
<span style='color: green;'>Pass: No Duplicate Found : </span>62b5c06602a32d0009b9db8a
<span style='color: green;'>Pass: No Duplicate Found : </span>62b5c0ec174b250009254cae
<span style='color: green;'>Pass: No Duplicate Found : </span>62b5c12f02a32d0009b9db99
<span style='color: green;'>Pass: No Duplicate Found : </span>62b5c16102a32d0009b9dba6
<span style='color: green;'>Pass: No Duplicate Found : </span>62b6900d2a753e0009b344be
<span style='color: green;'>Pass: No Duplicate Found : </span>62b690382a753e0009b344c4
<span style='color: green;'>Pass: No Duplicate Found : </span>62b6906c2a753e0009b344ca
<span style='color: green;'>Pass: No Duplicate Found : </span>62b690c94042fe0009ee0f6a
Close the browser
Browser is:chrome
Set ITO:10
Enter the URL:https://www.tautmore.com/
Maximize the browser
Set ETO:5
Close the browser
Browser is:chrome
Set ITO:10
Enter the URL:https://www.tautmore.com/
Maximize the browser
Set ETO:5
<span style='color: green;'>Pass: No Duplicate Found : </span>62b44612b265940009ea2f89
<span style='color: green;'>Pass: No Duplicate Found : </span>62b433874651ba00092554f2
<span style='color: green;'>Pass: No Duplicate Found : </span>62b43437461ea60009f31505
<span style='color: green;'>Pass: No Duplicate Found : </span>62b434da113c200009745609
<span style='color: green;'>Pass: No Duplicate Found : </span>62b4342b461ea60009f314ff
<span style='color: green;'>Pass: No Duplicate Found : </span>62b434ba113c200009745603
<span style='color: green;'>Pass: No Duplicate Found : </span>62b43561113c200009745637
<span style='color: green;'>Pass: No Duplicate Found : </span>62b43593113c200009745641
<span style='color: green;'>Pass: No Duplicate Found : </span>62b440ca461ea60009f3162c
<span style='color: green;'>Pass: No Duplicate Found : </span>62b44101d9e40c000932ef1e
<span style='color: green;'>Pass: No Duplicate Found : </span>62b4413fd9e40c000932ef2e
<span style='color: green;'>Pass: No Duplicate Found : </span>62b4417b461ea60009f31678
<span style='color: green;'>Pass: No Duplicate Found : </span>62b44b3d14a1720009f07273
<span style='color: green;'>Pass: No Duplicate Found : </span>62b44b7514a1720009f07285
<span style='color: green;'>Pass: No Duplicate Found : </span>62b44b98461ea60009f317f9
<span style='color: green;'>Pass: No Duplicate Found : </span>62b44bb914a1720009f0728d
<span style='color: green;'>Pass: No Duplicate Found : </span>62b44e5bae14fc0009785274
<span style='color: green;'>Pass: No Duplicate Found : </span>62b44e94ae14fc000978528f
<span style='color: green;'>Pass: No Duplicate Found : </span>62b44f2dae14fc00097852a9
<span style='color: green;'>Pass: No Duplicate Found : </span>62b44f5f14a1720009f07306
Close the browser]]>
  </system-out>
</testsuite> <!-- script.RunBGScript -->
